2026-01-29 11:30:30,465 [INFO] Activator:176 - 


2026-01-29 11:30:30,469 [INFO] Activator:177 - !SESSION log4j initialized
2026-01-29 11:30:34,694 [INFO] LogOutputStream:77 - [STDOUT_REDIRECT] 
2026-01-29 11:30:44,448 [INFO] ApplicationProperties:184 - Using Application install path: C:\ST\STM32CubeIDE_1.19.0\STM32CubeIDE\plugins\com.st.stm32cube.common.mx_6.15.0.202507011659
2026-01-29 11:30:44,480 [INFO] DbMcusXml:78 - Set database path to: C:\ST\STM32CubeIDE_1.19.0\STM32CubeIDE\plugins\com.st.stm32cube.common.mx_6.15.0.202507011659\\db\/mcu/
2026-01-29 11:30:44,481 [INFO] ApiDb:274 - Set plugin database path to: C:\ST\STM32CubeIDE_1.19.0\STM32CubeIDE\plugins\com.st.stm32cube.common.mx_6.15.0.202507011659\\db\/plugins/boardmanager/
2026-01-29 11:30:44,482 [WARN] ApiDb:259 - Overriding images path with different value:  => C:\ST\STM32CubeIDE_1.19.0\STM32CubeIDE\plugins\com.st.stm32cube.common.mx_6.15.0.202507011659\\db\/plugins/mcufinder/images/
2026-01-29 11:30:44,496 [INFO] ApiDb:250 - Set database path to: C:\Users\gulln\.stmcufinder\plugins\mcufinder//mcu/
2026-01-29 11:30:44,498 [INFO] DbMcusAds:125 - Set database path to: C:\Users\gulln\.stmcufinder\plugins\mcufinder//mcu/
2026-01-29 11:30:44,503 [INFO] CrossReferenceDbSqlite:203 - Set database path to: C:\Users\gulln\.stmcufinder\plugins\mcufinder//mcu/cs/
2026-01-29 11:30:44,758 [INFO] RulesReader:64 - Compatibility file has been processed (317 Rules)
2026-01-29 11:30:44,909 [INFO] DbMcusXml:78 - Set database path to: C:\ST\STM32CubeIDE_1.19.0\STM32CubeIDE\plugins\com.st.stm32cube.common.mx_6.15.0.202507011659\\db\/mcu/
2026-01-29 11:30:44,909 [INFO] ApiDb:274 - Set plugin database path to: C:\ST\STM32CubeIDE_1.19.0\STM32CubeIDE\plugins\com.st.stm32cube.common.mx_6.15.0.202507011659\\db\/plugins/boardmanager/
2026-01-29 11:30:44,910 [INFO] ApiDb:261 - Set plugin images path to: C:\ST\STM32CubeIDE_1.19.0\STM32CubeIDE\plugins\com.st.stm32cube.common.mx_6.15.0.202507011659\\db\/plugins/mcufinder/images/
2026-01-29 11:30:44,910 [WARN] DbFile:41 - Overriding database path with different value: C:\Users\gulln\.stmcufinder\plugins\mcufinder/ => C:\Users\gulln\.stmcufinder\plugins\mcufinder
2026-01-29 11:30:44,910 [INFO] ApiDb:250 - Set database path to: C:\Users\gulln\.stmcufinder\plugins\mcufinder//mcu/
2026-01-29 11:30:44,910 [WARN] DbFile:41 - Overriding database path with different value: C:\Users\gulln\.stmcufinder\plugins\mcufinder/ => C:\Users\gulln\.stmcufinder\plugins\mcufinder
2026-01-29 11:30:44,911 [INFO] DbMcusAds:125 - Set database path to: C:\Users\gulln\.stmcufinder\plugins\mcufinder//mcu/
2026-01-29 11:30:44,911 [WARN] DbFile:41 - Overriding database path with different value: C:\Users\gulln\.stmcufinder\plugins\mcufinder/ => C:\Users\gulln\.stmcufinder\plugins\mcufinder
2026-01-29 11:30:44,911 [WARN] DbFile:41 - Overriding database path with different value: C:\Users\gulln\.stmcufinder\plugins\mcufinder/ => C:\Users\gulln\.stmcufinder\plugins\mcufinder
2026-01-29 11:30:44,911 [INFO] CrossReferenceDbSqlite:203 - Set database path to: C:\Users\gulln\.stmcufinder\plugins\mcufinder//mcu/cs/
2026-01-29 11:30:45,041 [INFO] MainPanel:274 - HeapMemory: 268435456
2026-01-29 11:30:45,217 [INFO] DbMcusXml:78 - Set database path to: C:\ST\STM32CubeIDE_1.19.0\STM32CubeIDE\plugins\com.st.stm32cube.common.mx_6.15.0.202507011659\\db\/mcu/
2026-01-29 11:30:45,218 [INFO] ApiDb:274 - Set plugin database path to: C:\ST\STM32CubeIDE_1.19.0\STM32CubeIDE\plugins\com.st.stm32cube.common.mx_6.15.0.202507011659\\db\/plugins/boardmanager/
2026-01-29 11:30:45,218 [INFO] ApiDb:261 - Set plugin images path to: C:\ST\STM32CubeIDE_1.19.0\STM32CubeIDE\plugins\com.st.stm32cube.common.mx_6.15.0.202507011659\\db\/plugins/mcufinder/images/
2026-01-29 11:30:45,219 [WARN] DbFile:41 - Overriding database path with different value: C:\Users\gulln\.stmcufinder\plugins\mcufinder/ => C:\Users\gulln\.stmcufinder\plugins\mcufinder
2026-01-29 11:30:45,219 [INFO] ApiDb:250 - Set database path to: C:\Users\gulln\.stmcufinder\plugins\mcufinder//mcu/
2026-01-29 11:30:45,219 [WARN] DbFile:41 - Overriding database path with different value: C:\Users\gulln\.stmcufinder\plugins\mcufinder/ => C:\Users\gulln\.stmcufinder\plugins\mcufinder
2026-01-29 11:30:45,219 [INFO] DbMcusAds:125 - Set database path to: C:\Users\gulln\.stmcufinder\plugins\mcufinder//mcu/
2026-01-29 11:30:45,220 [WARN] DbFile:41 - Overriding database path with different value: C:\Users\gulln\.stmcufinder\plugins\mcufinder/ => C:\Users\gulln\.stmcufinder\plugins\mcufinder
2026-01-29 11:30:45,220 [WARN] DbFile:41 - Overriding database path with different value: C:\Users\gulln\.stmcufinder\plugins\mcufinder/ => C:\Users\gulln\.stmcufinder\plugins\mcufinder
2026-01-29 11:30:45,225 [INFO] CrossReferenceDbSqlite:203 - Set database path to: C:\Users\gulln\.stmcufinder\plugins\mcufinder//mcu/cs/
2026-01-29 11:30:45,255 [INFO] ApplicationProperties:184 - Using Application install path: C:\ST\STM32CubeIDE_1.19.0\STM32CubeIDE\plugins\com.st.stm32cube.common.mx_6.15.0.202507011659
2026-01-29 11:30:45,257 [INFO] PluginManage:196 - Search for loadable plugins [exclusion list=, ]
2026-01-29 11:30:45,260 [INFO] PluginManage:310 - Check plugin analytics
2026-01-29 11:30:50,271 [INFO] AnalyticsPlugin:253 - Accepted Software Licenses: 
2026-01-29 11:30:50,272 [INFO] AnalyticsPlugin:255 - Accepted CMSIS Pack Licenses: 
2026-01-29 11:30:50,273 [INFO] AnalyticsPlugin:257 - Accepted Firmware Licenses: FW.L4.1.18.0,FW.G4.1.6.0
2026-01-29 11:30:50,280 [INFO] PluginManage:359 - Loaded plugin analytics (category:tool,tabindex:-1)
2026-01-29 11:30:50,280 [INFO] PluginManage:310 - Check plugin cadmodel
2026-01-29 11:30:50,300 [INFO] CADModel:105 - Init CAD model plugin
2026-01-29 11:30:50,300 [INFO] PluginManage:359 - Loaded plugin cadmodel (category:power,tabindex:5)
2026-01-29 11:30:50,301 [INFO] PluginManage:310 - Check plugin clock
2026-01-29 11:30:50,327 [INFO] PluginManage:359 - Loaded plugin clock (category:base,tabindex:2)
2026-01-29 11:30:50,327 [INFO] PluginManage:310 - Check plugin ddr
2026-01-29 11:30:50,333 [INFO] PluginManage:359 - Loaded plugin ddr (category:tool,tabindex:6)
2026-01-29 11:30:50,334 [INFO] PluginManage:310 - Check plugin filemanager
2026-01-29 11:30:50,883 [INFO] PluginManage:359 - Loaded plugin filemanager (category:base,tabindex:10)
2026-01-29 11:30:50,884 [INFO] PluginManage:310 - Check plugin ipmanager
2026-01-29 11:30:50,904 [INFO] PluginManage:359 - Loaded plugin ipmanager (category:base,tabindex:5)
2026-01-29 11:30:50,904 [INFO] PluginManage:310 - Check plugin lpbam
2026-01-29 11:30:50,924 [INFO] PluginManage:359 - Loaded plugin lpbam (category:base,tabindex:0)
2026-01-29 11:30:50,924 [INFO] PluginManage:310 - Check plugin memorymap
2026-01-29 11:30:50,961 [INFO] PluginManage:359 - Loaded plugin memorymap (category:base,tabindex:4)
2026-01-29 11:30:50,961 [INFO] PluginManage:310 - Check plugin pinoutandconfiguration
2026-01-29 11:30:50,984 [INFO] PluginManage:359 - Loaded plugin pinoutandconfiguration (category:base,tabindex:1)
2026-01-29 11:30:50,985 [INFO] PluginManage:310 - Check plugin pinoutconfig
2026-01-29 11:30:51,269 [WARN] SupportedApi:132 - Cannot load RTOS API schema: s4s-elt-must-match.1: The content of 'definitions' must match (annotation?, (simpleType | complexType)?, (unique | key | keyref)*)). A problem was found starting at: attribute.
2026-01-29 11:30:51,592 [INFO] PluginManage:359 - Loaded plugin pinoutconfig (category:base,tabindex:0)
2026-01-29 11:30:51,593 [INFO] PluginManage:310 - Check plugin power
2026-01-29 11:30:51,611 [INFO] PluginManage:359 - Loaded plugin power (category:power,tabindex:4)
2026-01-29 11:30:51,611 [INFO] PluginManage:310 - Check plugin projectmanager
2026-01-29 11:30:51,647 [INFO] PluginManage:359 - Loaded plugin projectmanager (category:projectmanager,tabindex:4)
2026-01-29 11:30:51,647 [INFO] PluginManage:310 - Check plugin rif
2026-01-29 11:30:51,666 [INFO] PluginManage:359 - Loaded plugin rif (category:base,tabindex:3)
2026-01-29 11:30:51,666 [INFO] PluginManage:310 - Check plugin thirdparty
2026-01-29 11:30:52,019 [INFO] PluginManage:359 - Loaded plugin thirdparty (category:base,tabindex:-1)
2026-01-29 11:30:52,019 [INFO] PluginManage:310 - Check plugin tools
2026-01-29 11:30:52,022 [WARN] IntegrityCheckThread:84 - waiting for thirdparty lock release [integrity check]
2026-01-29 11:30:52,023 [INFO] IntegrityCheckThread:86 - entering critical section [integrity check]
2026-01-29 11:30:52,024 [INFO] ThirdPartyUpdaterWithRetryManager:70 - Updater plugin not ready yet. [1/15]
2026-01-29 11:30:52,025 [INFO] PluginManage:359 - Loaded plugin tools (category:base,tabindex:7)
2026-01-29 11:30:52,026 [INFO] PluginManage:310 - Check plugin tutovideos
2026-01-29 11:30:52,523 [INFO] PluginManage:359 - Loaded plugin tutovideos (category:base,tabindex:-1)
2026-01-29 11:30:52,523 [INFO] PluginManage:310 - Check plugin updater
2026-01-29 11:30:52,577 [INFO] PluginManage:359 - Loaded plugin updater (category:base,tabindex:12)
2026-01-29 11:30:52,577 [INFO] PluginManage:310 - Check plugin userauth
2026-01-29 11:30:52,586 [INFO] UserAuth:118 - Init User Auth plugin
2026-01-29 11:30:52,588 [INFO] PluginManage:359 - Loaded plugin userauth (category:base,tabindex:14)
2026-01-29 11:30:52,590 [INFO] PluginManage:283 - PluginManage : Loaded plugins [18]
2026-01-29 11:30:53,024 [INFO] PinOutPanel:1589 - setPackage(No Configuration,No Configuration)
2026-01-29 11:30:53,223 [INFO] CADModel:165 - CPN selected for project level
2026-01-29 11:30:53,223 [INFO] CADModel:114 - Register for checkConnection events
2026-01-29 11:30:53,258 [INFO] IPUIPlugin:80 - create IPUIPlugin
2026-01-29 11:30:53,259 [INFO] PluginManager:220 - loadIPPluginJar : add adc
2026-01-29 11:30:53,265 [INFO] IPUIPlugin:80 - create IPUIPlugin
2026-01-29 11:30:53,265 [INFO] PluginManager:220 - loadIPPluginJar : add aes
2026-01-29 11:30:53,273 [INFO] IPUIPlugin:80 - create IPUIPlugin
2026-01-29 11:30:53,273 [INFO] PluginManager:220 - loadIPPluginJar : add can
2026-01-29 11:30:53,277 [INFO] IPUIPlugin:80 - create IPUIPlugin
2026-01-29 11:30:53,277 [INFO] PluginManager:220 - loadIPPluginJar : add comp
2026-01-29 11:30:53,283 [INFO] IPUIPlugin:80 - create IPUIPlugin
2026-01-29 11:30:53,284 [INFO] PluginManager:220 - loadIPPluginJar : add cryp
2026-01-29 11:30:53,290 [INFO] IPUIPlugin:80 - create IPUIPlugin
2026-01-29 11:30:53,291 [INFO] PluginManager:220 - loadIPPluginJar : add ddr_ctrl_phy
2026-01-29 11:30:53,295 [INFO] IPUIPlugin:80 - create IPUIPlugin
2026-01-29 11:30:53,296 [INFO] PluginManager:220 - loadIPPluginJar : add dfsdm
2026-01-29 11:30:53,307 [INFO] IPUIPlugin:80 - create IPUIPlugin
2026-01-29 11:30:53,308 [INFO] PluginManager:220 - loadIPPluginJar : add dma
2026-01-29 11:30:53,312 [INFO] IPUIPlugin:80 - create IPUIPlugin
2026-01-29 11:30:53,312 [INFO] PluginManager:220 - loadIPPluginJar : add dma3
2026-01-29 11:30:53,319 [INFO] IPUIPlugin:80 - create IPUIPlugin
2026-01-29 11:30:53,319 [INFO] PluginManager:220 - loadIPPluginJar : add extmemmanager
2026-01-29 11:30:53,324 [INFO] IPUIPlugin:80 - create IPUIPlugin
2026-01-29 11:30:53,325 [INFO] PluginManager:220 - loadIPPluginJar : add fatfs
2026-01-29 11:30:53,335 [INFO] IPUIPlugin:80 - create IPUIPlugin
2026-01-29 11:30:53,336 [INFO] PluginManager:220 - loadIPPluginJar : add fmc
2026-01-29 11:30:53,345 [INFO] IPUIPlugin:80 - create IPUIPlugin
2026-01-29 11:30:53,346 [INFO] PluginManager:220 - loadIPPluginJar : add freertos
2026-01-29 11:30:53,348 [INFO] IPUIPlugin:80 - create IPUIPlugin
2026-01-29 11:30:53,349 [INFO] PluginManager:220 - loadIPPluginJar : add genericplugin
2026-01-29 11:30:53,356 [INFO] IPUIPlugin:80 - create IPUIPlugin
2026-01-29 11:30:53,356 [INFO] PluginManager:220 - loadIPPluginJar : add gfxmmu
2026-01-29 11:30:53,365 [INFO] IPUIPlugin:80 - create IPUIPlugin
2026-01-29 11:30:53,366 [INFO] PluginManager:220 - loadIPPluginJar : add gic
2026-01-29 11:30:53,375 [INFO] IPUIPlugin:80 - create IPUIPlugin
2026-01-29 11:30:53,375 [INFO] PluginManager:220 - loadIPPluginJar : add gpio
2026-01-29 11:30:53,379 [INFO] IPUIPlugin:80 - create IPUIPlugin
2026-01-29 11:30:53,379 [INFO] PluginManager:220 - loadIPPluginJar : add gtzc
2026-01-29 11:30:53,385 [INFO] IPUIPlugin:80 - create IPUIPlugin
2026-01-29 11:30:53,385 [INFO] PluginManager:220 - loadIPPluginJar : add hash
2026-01-29 11:30:53,391 [INFO] IPUIPlugin:80 - create IPUIPlugin
2026-01-29 11:30:53,391 [INFO] PluginManager:220 - loadIPPluginJar : add i2c
2026-01-29 11:30:53,396 [INFO] IPUIPlugin:80 - create IPUIPlugin
2026-01-29 11:30:53,397 [INFO] PluginManager:220 - loadIPPluginJar : add i2s
2026-01-29 11:30:53,404 [INFO] IPUIPlugin:80 - create IPUIPlugin
2026-01-29 11:30:53,404 [INFO] PluginManager:220 - loadIPPluginJar : add i3c
2026-01-29 11:30:53,411 [INFO] IPUIPlugin:80 - create IPUIPlugin
2026-01-29 11:30:53,411 [INFO] PluginManager:220 - loadIPPluginJar : add ipddr
2026-01-29 11:30:53,422 [INFO] IPUIPlugin:80 - create IPUIPlugin
2026-01-29 11:30:53,423 [INFO] PluginManager:220 - loadIPPluginJar : add linkedlist
2026-01-29 11:30:53,428 [INFO] IPUIPlugin:80 - create IPUIPlugin
2026-01-29 11:30:53,428 [INFO] PluginManager:220 - loadIPPluginJar : add lorawan
2026-01-29 11:30:53,432 [INFO] IPUIPlugin:80 - create IPUIPlugin
2026-01-29 11:30:53,432 [INFO] PluginManager:220 - loadIPPluginJar : add ltdc
2026-01-29 11:30:53,444 [INFO] IPUIPlugin:80 - create IPUIPlugin
2026-01-29 11:30:53,444 [INFO] PluginManager:220 - loadIPPluginJar : add mdma
2026-01-29 11:30:53,452 [INFO] IPUIPlugin:80 - create IPUIPlugin
2026-01-29 11:30:53,452 [INFO] PluginManager:220 - loadIPPluginJar : add nvic
2026-01-29 11:30:53,458 [INFO] IPUIPlugin:80 - create IPUIPlugin
2026-01-29 11:30:53,459 [INFO] PluginManager:220 - loadIPPluginJar : add opamp
2026-01-29 11:30:53,465 [INFO] IPUIPlugin:80 - create IPUIPlugin
2026-01-29 11:30:53,465 [INFO] PluginManager:220 - loadIPPluginJar : add openamp
2026-01-29 11:30:53,473 [INFO] IPUIPlugin:80 - create IPUIPlugin
2026-01-29 11:30:53,474 [INFO] PluginManager:220 - loadIPPluginJar : add pdm2pcm
2026-01-29 11:30:53,487 [INFO] IPUIPlugin:80 - create IPUIPlugin
2026-01-29 11:30:53,492 [INFO] PluginManager:220 - loadIPPluginJar : add plateformsettings
2026-01-29 11:30:53,495 [INFO] IPUIPlugin:80 - create IPUIPlugin
2026-01-29 11:30:53,496 [INFO] PluginManager:220 - loadIPPluginJar : add quadspi
2026-01-29 11:30:53,500 [INFO] IPUIPlugin:80 - create IPUIPlugin
2026-01-29 11:30:53,502 [INFO] PluginManager:220 - loadIPPluginJar : add radio
2026-01-29 11:30:53,511 [INFO] IPUIPlugin:80 - create IPUIPlugin
2026-01-29 11:30:53,511 [INFO] PluginManager:220 - loadIPPluginJar : add resmgrutility
2026-01-29 11:30:53,516 [INFO] IPUIPlugin:80 - create IPUIPlugin
2026-01-29 11:30:53,516 [INFO] PluginManager:220 - loadIPPluginJar : add sai
2026-01-29 11:30:53,522 [INFO] IPUIPlugin:80 - create IPUIPlugin
2026-01-29 11:30:53,522 [INFO] PluginManager:220 - loadIPPluginJar : add spi
2026-01-29 11:30:53,534 [INFO] IPUIPlugin:80 - create IPUIPlugin
2026-01-29 11:30:53,534 [INFO] PluginManager:220 - loadIPPluginJar : add stm32_wpan
2026-01-29 11:30:53,540 [INFO] IPUIPlugin:80 - create IPUIPlugin
2026-01-29 11:30:53,540 [INFO] PluginManager:220 - loadIPPluginJar : add tim
2026-01-29 11:30:53,545 [INFO] IPUIPlugin:80 - create IPUIPlugin
2026-01-29 11:30:53,546 [INFO] PluginManager:220 - loadIPPluginJar : add touchsensing
2026-01-29 11:30:53,549 [INFO] IPUIPlugin:80 - create IPUIPlugin
2026-01-29 11:30:53,549 [INFO] PluginManager:220 - loadIPPluginJar : add tracer_emb
2026-01-29 11:30:53,554 [INFO] IPUIPlugin:80 - create IPUIPlugin
2026-01-29 11:30:53,555 [INFO] PluginManager:220 - loadIPPluginJar : add ts
2026-01-29 11:30:53,558 [INFO] IPUIPlugin:80 - create IPUIPlugin
2026-01-29 11:30:53,559 [INFO] PluginManager:220 - loadIPPluginJar : add tsc
2026-01-29 11:30:53,563 [INFO] IPUIPlugin:80 - create IPUIPlugin
2026-01-29 11:30:53,563 [INFO] PluginManager:220 - loadIPPluginJar : add ucpd
2026-01-29 11:30:53,569 [INFO] IPUIPlugin:80 - create IPUIPlugin
2026-01-29 11:30:53,570 [INFO] PluginManager:220 - loadIPPluginJar : add usart
2026-01-29 11:30:53,576 [INFO] IPUIPlugin:80 - create IPUIPlugin
2026-01-29 11:30:53,577 [INFO] PluginManager:220 - loadIPPluginJar : add usbx
2026-01-29 11:30:53,762 [FATAL] Updater:351 - Updater called before beeing initialized
2026-01-29 11:30:53,839 [INFO] RulesReader:64 - Compatibility file has been processed (317 Rules)
2026-01-29 11:30:53,878 [INFO] RulesReader:64 - Compatibility file has been processed (317 Rules)
2026-01-29 11:30:53,897 [INFO] CADModel:165 - CPN selected for project level
2026-01-29 11:30:53,897 [INFO] CADModel:114 - Register for checkConnection events
2026-01-29 11:30:53,898 [FATAL] Updater:351 - Updater called before beeing initialized
2026-01-29 11:30:53,898 [ERROR] CADModel:125 - Updater not yet initialized, retry later 
2026-01-29 11:30:54,261 [FATAL] Updater:351 - Updater called before beeing initialized
2026-01-29 11:30:54,265 [INFO] CADModel:165 - CPN selected for project level
2026-01-29 11:30:54,265 [INFO] CADModel:114 - Register for checkConnection events
2026-01-29 11:30:54,265 [FATAL] Updater:351 - Updater called before beeing initialized
2026-01-29 11:30:54,265 [ERROR] CADModel:125 - Updater not yet initialized, retry later 
2026-01-29 11:30:54,273 [FATAL] Updater:351 - Updater called before beeing initialized
2026-01-29 11:30:54,513 [FATAL] Updater:351 - Updater called before beeing initialized
2026-01-29 11:30:54,522 [INFO] DbMcusAds:53 - JSON generation date=Thu Jan 08 16:57:51 CET 2026 (1767887871456)
2026-01-29 11:30:54,523 [FATAL] Updater:351 - Updater called before beeing initialized
2026-01-29 11:30:54,623 [WARN] DetailPanel:346 - Failed to get advertising image, set to default
2026-01-29 11:30:54,862 [FATAL] Updater:351 - Updater called before beeing initialized
2026-01-29 11:30:54,865 [FATAL] Updater:351 - Updater called before beeing initialized
2026-01-29 11:30:54,865 [FATAL] Updater:351 - Updater called before beeing initialized
2026-01-29 11:30:54,865 [WARN] DetailPanel:346 - Failed to get advertising image, set to default
2026-01-29 11:30:54,867 [FATAL] Updater:351 - Updater called before beeing initialized
2026-01-29 11:30:54,996 [ERROR] Updater:1198 - MainUpdater not yet initialized. External WinMGr cannot be set.
2026-01-29 11:30:54,999 [INFO] Updater:1134 - Updater Version found : 6.15.0
2026-01-29 11:30:55,026 [INFO] ThirdPartyUpdaterWithRetryManager:70 - Updater plugin not ready yet. [2/15]
2026-01-29 11:30:55,088 [INFO] ApplicationProperties:184 - Using Application install path: C:\ST\STM32CubeIDE_1.19.0\STM32CubeIDE\plugins\com.st.stm32cube.common.mx_6.15.0.202507011659
2026-01-29 11:30:56,695 [ERROR] LogOutputStream:75 - [STDERR_REDIRECT] Jan 29, 2026 11:30:56 AM java.util.prefs.WindowsPreferences <init>
2026-01-29 11:30:56,700 [ERROR] LogOutputStream:75 - [STDERR_REDIRECT] WARNING: Could not open/create prefs root node Software\JavaSoft\Prefs at root 0xffffffff80000002. Windows RegCreateKeyEx(...) returned error code 5.
2026-01-29 11:30:56,700 [ERROR] LogOutputStream:75 - [STDERR_REDIRECT] 
2026-01-29 11:30:57,439 [INFO] MainUpdater:2872 - connection check result : 10
2026-01-29 11:30:57,440 [INFO] MainUpdater:3604 - Updater definition file requires update
2026-01-29 11:30:57,441 [INFO] MainUpdater:289 - Updater Check For Update Now.
2026-01-29 11:30:57,442 [INFO] MicroXplorer:498 - Change Database Version : DB.6.0.150
2026-01-29 11:30:57,456 [INFO] McuFinderGlobals:63 - Set McuFinder mode to 2 (CubeIDE integrated)
2026-01-29 11:30:57,458 [INFO] UserAuth:487 - Internet connection configuration mode: 1
2026-01-29 11:30:57,514 [INFO] JxBrowserEngine:152 - Initiate JxBrowser Engine with user profile folder
2026-01-29 11:30:57,534 [INFO] ServerAccessManage:452 - Complete download http(s) 200
2026-01-29 11:30:57,537 [INFO] ServerAccessManage:509 - Download File updaters.zip
2026-01-29 11:30:57,870 [INFO] FileExtend:248 - Unzip File : updaters.zip
2026-01-29 11:30:57,871 [INFO] FileExtend:263 - Standard Zip Deflate
2026-01-29 11:30:58,042 [WARN] MainUpdater:1193 - Updater busy. Cannot search thirdparties
2026-01-29 11:30:58,042 [INFO] ThirdPartyUpdaterWithRetryManager:96 - Updater plugin is busy. [1/15]
2026-01-29 11:30:59,525 [INFO] ServerAccessManage:452 - Complete download http(s) 200
2026-01-29 11:30:59,526 [INFO] ServerAccessManage:509 - Download File PacksControlFlags.xml
2026-01-29 11:30:59,715 [INFO] ServerAccessManage:452 - Complete download http(s) 200
2026-01-29 11:30:59,715 [INFO] ServerAccessManage:509 - Download File cubemx.pidx
2026-01-29 11:31:00,591 [INFO] LoadServerUpdatesThread:375 - End of LoadServerUpdate Thread
2026-01-29 11:31:00,835 [INFO] WebApp:169 - Instantiating new browser for Auth
2026-01-29 11:31:01,073 [WARN] MainUpdater:1193 - Updater busy. Cannot search thirdparties
2026-01-29 11:31:01,073 [INFO] ThirdPartyUpdaterWithRetryManager:96 - Updater plugin is busy. [2/15]
2026-01-29 11:31:01,506 [INFO] CheckServerUpdateThread:120 - End of CheckServer Thread
2026-01-29 11:31:02,835 [INFO] WebApp:463 - Apply proxy settings
2026-01-29 11:31:02,837 [INFO] WebApp:548 - Chromium requires no authentication
2026-01-29 11:31:02,884 [INFO] WebApp:491 - Direct internet connection detected
2026-01-29 11:31:02,942 [INFO] WebApp:900 - Register for checkConnection events
2026-01-29 11:31:02,942 [INFO] WebApp:463 - Apply proxy settings
2026-01-29 11:31:02,943 [INFO] WebApp:548 - Chromium requires no authentication
2026-01-29 11:31:02,944 [INFO] WebApp:491 - Direct internet connection detected
2026-01-29 11:31:03,225 [INFO] WebApp:191 - Connection restablished
2026-01-29 11:31:03,820 [INFO] WebApp:225 - Starting web application
2026-01-29 11:31:03,822 [INFO] WebApp:593 - Web application path used C:\ST\STM32CubeIDE_1.19.0\STM32CubeIDE\plugins\com.st.stm32cube.common.mx_6.15.0.202507011659\db\plugins\mcufinder\reactClient1\index.html
2026-01-29 11:31:05,222 [WARN] PackLoader:240 - Cannot read IP mode file for STMicroelectronics.FP-SNS-MOTENVWB1.1.4.0
2026-01-29 11:31:05,241 [WARN] PackLoader:240 - Cannot read IP mode file for STMicroelectronics.FP-ATR-ASTRA1.2.0.2
2026-01-29 11:31:05,250 [WARN] PackLoader:240 - Cannot read IP mode file for STMicroelectronics.FP-ATR-ASTRA1.2.0.1
2026-01-29 11:31:05,267 [WARN] PackLoader:240 - Cannot read IP mode file for STMicroelectronics.X-CUBE-SMBUS.2.1.0
2026-01-29 11:31:05,292 [WARN] PackLoader:240 - Cannot read IP mode file for STMicroelectronics.X-CUBE-WB05N.1.1.0
2026-01-29 11:31:05,306 [WARN] PackLoader:240 - Cannot read IP mode file for STMicroelectronics.X-CUBE-ST60.1.0.0
2026-01-29 11:31:05,407 [WARN] PackLoader:240 - Cannot read IP mode file for STMicroelectronics.X-CUBE-AZRTOS-F7.1.1.0
2026-01-29 11:31:05,618 [INFO] UserAuth:487 - Internet connection configuration mode: 1
2026-01-29 11:31:05,731 [WARN] PackLoader:240 - Cannot read IP mode file for STMicroelectronics.X-CUBE-MEMS1.11.0.0
2026-01-29 11:31:06,240 [WARN] PackLoader:240 - Cannot read IP mode file for STMicroelectronics.FP-SNS-MOTENV1.5.1.0
2026-01-29 11:31:06,251 [WARN] PackLoader:240 - Cannot read IP mode file for STMicroelectronics.FP-SNS-FLIGHT1.5.0.2
2026-01-29 11:31:06,304 [WARN] PackLoader:240 - Cannot read IP mode file for STMicroelectronics.X-CUBE-AZRTOS-H7.3.4.0
2026-01-29 11:31:06,330 [WARN] PackLoader:240 - Cannot read IP mode file for STMicroelectronics.X-CUBE-DISPLAY.3.0.0
2026-01-29 11:31:06,348 [WARN] PackLoader:240 - Cannot read IP mode file for STMicroelectronics.X-CUBE-BLE1.7.0.0
2026-01-29 11:31:06,368 [WARN] PackLoader:240 - Cannot read IP mode file for STMicroelectronics.X-CUBE-NFC10.1.0.0
2026-01-29 11:31:06,394 [WARN] PackLoader:240 - Cannot read IP mode file for STMicroelectronics.X-CUBE-BLEMGR.4.0.0
2026-01-29 11:31:06,406 [WARN] PackLoader:240 - Cannot read IP mode file for STMicroelectronics.X-CUBE-ST60.1.1.0
2026-01-29 11:31:06,418 [WARN] PackLoader:240 - Cannot read IP mode file for emotas.I-CUBE-CANOPEN.1.3.0
2026-01-29 11:31:06,430 [WARN] PackLoader:240 - Cannot read IP mode file for STMicroelectronics.X-CUBE-GNSS1.7.1.0
2026-01-29 11:31:06,450 [WARN] PackLoader:240 - Cannot read IP mode file for STMicroelectronics.X-CUBE-BLEMGR.3.1.0
2026-01-29 11:31:06,462 [WARN] PackLoader:240 - Cannot read IP mode file for STMicroelectronics.X-CUBE-AI.10.0.0
2026-01-29 11:31:06,479 [WARN] PackLoader:240 - Cannot read IP mode file for STMicroelectronics.FP-SNS-STBOX1.2.1.0
2026-01-29 11:31:06,491 [WARN] PackLoader:240 - Cannot read IP mode file for STMicroelectronics.FP-SNS-SMARTAG2.1.2.0
2026-01-29 11:31:06,499 [WARN] PackLoader:240 - Cannot read IP mode file for STMicroelectronics.FP-SNS-FLIGHT1.5.1.0
2026-01-29 11:31:06,655 [WARN] PackLoader:240 - Cannot read IP mode file for STMicroelectronics.X-CUBE-MEMS1.11.1.0
2026-01-29 11:31:06,959 [INFO] LogOutputStream:77 - [STDOUT_REDIRECT] 1 : Invalid condition id : UX_CORESTACK_Condition cause : null
2026-01-29 11:31:06,960 [INFO] LogOutputStream:77 - [STDOUT_REDIRECT] 1 : Invalid condition id : UX_CORESTACK_Condition cause : null
2026-01-29 11:31:06,963 [INFO] LogOutputStream:77 - [STDOUT_REDIRECT] 1 : Invalid condition id : UX_CORESTACK_Condition cause : null
2026-01-29 11:31:06,966 [INFO] LogOutputStream:77 - [STDOUT_REDIRECT] 1 : Invalid condition id : UX_CORESTACK_Condition cause : null
2026-01-29 11:31:06,968 [INFO] LogOutputStream:77 - [STDOUT_REDIRECT] 1 : Invalid condition id : UX_CORESTACK_Condition cause : null
2026-01-29 11:31:06,973 [WARN] PackLoader:240 - Cannot read IP mode file for STMicroelectronics.X-CUBE-AZRTOS-WL.2.0.0
2026-01-29 11:31:06,983 [WARN] PackLoader:240 - Cannot read IP mode file for STMicroelectronics.FP-SNS-MOTENV1.5.0.0
2026-01-29 11:31:07,019 [WARN] PackLoader:240 - Cannot read IP mode file for STMicroelectronics.X-CUBE-AZRTOS-H7RS.1.2.0
2026-01-29 11:31:07,032 [WARN] PackLoader:240 - Cannot read IP mode file for wolfSSL.I-CUBE-wolfMQTT.1.19.0
2026-01-29 11:31:07,047 [WARN] PackLoader:240 - Cannot read IP mode file for WES.I-CUBE-Cesium.1.3.0
2026-01-29 11:31:07,056 [WARN] PackLoader:240 - Cannot read IP mode file for STMicroelectronics.X-CUBE-BLE2.3.3.0
2026-01-29 11:31:07,069 [WARN] PackLoader:240 - Cannot read IP mode file for STMicroelectronics.X-CUBE-NFC9.1.0.0
2026-01-29 11:31:07,081 [WARN] PackLoader:240 - Cannot read IP mode file for STMicroelectronics.X-CUBE-BLE1.7.1.0
2026-01-29 11:31:07,093 [WARN] PackLoader:240 - Cannot read IP mode file for STMicroelectronics.X-CUBE-TCPP.4.1.0
2026-01-29 11:31:07,104 [WARN] PackLoader:240 - Cannot read IP mode file for STMicroelectronics.X-CUBE-FREERTOS.1.4.0
2026-01-29 11:31:07,116 [WARN] PackLoader:240 - Cannot read IP mode file for STMicroelectronics.X-CUBE-EEPRMA1.5.2.0
2026-01-29 11:31:07,132 [WARN] PackLoader:240 - Cannot read IP mode file for STMicroelectronics.X-CUBE-ST67W61.1.1.0
2026-01-29 11:31:07,228 [WARN] PackLoader:240 - Cannot read IP mode file for STMicroelectronics.X-CUBE-MEMS1.12.0.0
2026-01-29 11:31:07,496 [WARN] PackLoader:240 - Cannot read IP mode file for STMicroelectronics.X-CUBE-AZRTOS-G0.1.1.0
2026-01-29 11:31:07,521 [WARN] PackLoader:240 - Cannot read IP mode file for STMicroelectronics.X-CUBE-SAFEA1.1.2.2
2026-01-29 11:31:07,534 [WARN] PackLoader:240 - Cannot read IP mode file for STMicroelectronics.X-CUBE-NFC4.3.0.0
2026-01-29 11:31:07,556 [WARN] PackLoader:240 - Cannot read IP mode file for EmbeddedOffice.I-CUBE-FS-RTOS.1.0.1
2026-01-29 11:31:07,567 [WARN] PackLoader:240 - Cannot read IP mode file for STMicroelectronics.X-CUBE-WB05N.2.0.0
2026-01-29 11:31:07,581 [WARN] PackLoader:240 - Cannot read IP mode file for STMicroelectronics.X-CUBE-TCPP.4.2.0
2026-01-29 11:31:07,601 [WARN] PackLoader:240 - Cannot read IP mode file for RealThread.X-CUBE-RT-Thread_Nano.4.1.1
2026-01-29 11:31:07,612 [WARN] PackLoader:240 - Cannot read IP mode file for STMicroelectronics.FP-ATR-SIGFOX1.3.2.0
2026-01-29 11:31:07,620 [WARN] PackLoader:240 - Cannot read IP mode file for wolfSSL.I-CUBE-wolfSSL.5.7.2
2026-01-29 11:31:07,630 [WARN] ConditionMgr:438 - getConditionDescription Invalid condition id : Cortex-A Device cause : null
2026-01-29 11:31:07,656 [WARN] ConditionMgr:1044 - genDependencies : Invalid condition id : Cortex-A Device cause : null
2026-01-29 11:31:07,656 [WARN] ConditionMgr:1044 - genDependencies : Invalid condition id : Cortex-A Device cause : null
2026-01-29 11:31:07,656 [WARN] ConditionMgr:1044 - genDependencies : Invalid condition id : Cortex-A Device cause : null
2026-01-29 11:31:07,668 [WARN] PackLoader:240 - Cannot read IP mode file for STMicroelectronics.X-CUBE-EEPRMA1.5.1.0
2026-01-29 11:31:07,689 [WARN] PackLoader:240 - Cannot read IP mode file for ITTIA_DB.I-CUBE-ITTIADB.8.9.0
2026-01-29 11:31:07,704 [WARN] PackLoader:240 - Cannot read IP mode file for STMicroelectronics.X-CUBE-NFC6.3.2.0
2026-01-29 11:31:07,721 [WARN] PackLoader:240 - Cannot read IP mode file for STMicroelectronics.X-CUBE-ST67W61.1.0.0
2026-01-29 11:31:07,732 [WARN] PackLoader:240 - Cannot read IP mode file for STMicroelectronics.X-CUBE-AI.10.2.0
2026-01-29 11:31:07,815 [WARN] PackLoader:240 - Cannot read IP mode file for SEGGER.I-CUBE-embOS.1.3.1
2026-01-29 11:31:07,886 [WARN] PackLoader:240 - Cannot read IP mode file for STMicroelectronics.X-CUBE-ALGOBUILD.1.4.0
2026-01-29 11:31:08,016 [WARN] PackLoader:240 - Cannot read IP mode file for STMicroelectronics.X-CUBE-MEMS1.11.3.0
2026-01-29 11:31:08,295 [WARN] PackLoader:240 - Cannot read IP mode file for STMicroelectronics.X-CUBE-AI.9.1.0
2026-01-29 11:31:08,304 [WARN] PackLoader:240 - Cannot read IP mode file for STMicroelectronics.X-CUBE-PM33A1.1.0.0
2026-01-29 11:31:08,314 [WARN] PackLoader:240 - Cannot read IP mode file for STMicroelectronics.X-CUBE-GNSS1.6.0.0
2026-01-29 11:31:08,352 [WARN] PackLoader:240 - Cannot read IP mode file for STMicroelectronics.X-CUBE-AZRTOS-F4.1.1.0
2026-01-29 11:31:08,365 [WARN] PackLoader:240 - Cannot read IP mode file for STMicroelectronics.X-CUBE-ISPU.2.1.0
2026-01-29 11:31:08,391 [WARN] PackLoader:240 - Cannot read IP mode file for STMicroelectronics.X-CUBE-IPS.3.2.0
2026-01-29 11:31:08,411 [WARN] PackLoader:240 - Cannot read IP mode file for STMicroelectronics.X-CUBE-FREERTOS.1.2.0
2026-01-29 11:31:08,427 [WARN] PackLoader:240 - Cannot read IP mode file for STMicroelectronics.X-CUBE-NFC12.1.0.0
2026-01-29 11:31:08,463 [WARN] PackLoader:240 - Cannot read IP mode file for STMicroelectronics.X-CUBE-AZRTOS-L5.2.0.0
2026-01-29 11:31:08,487 [WARN] PackLoader:240 - Cannot read IP mode file for STMicroelectronics.X-CUBE-NFC6.3.1.0
2026-01-29 11:31:08,504 [WARN] PackLoader:240 - Cannot read IP mode file for STMicroelectronics.X-CUBE-DPower.1.2.0
2026-01-29 11:31:08,511 [WARN] PackLoader:240 - Cannot read IP mode file for STMicroelectronics.X-CUBE-AI.9.0.0
2026-01-29 11:31:08,518 [WARN] PackLoader:240 - Cannot read IP mode file for STMicroelectronics.X-CUBE-FREERTOS.1.3.1
2026-01-29 11:31:08,523 [WARN] PackLoader:240 - Cannot read IP mode file for STMicroelectronics.X-CUBE-FREERTOS.1.3.0
2026-01-29 11:31:08,536 [WARN] PackLoader:240 - Cannot read IP mode file for STMicroelectronics.X-CUBE-NFC7.1.0.1
2026-01-29 11:31:08,546 [WARN] PackLoader:240 - Cannot read IP mode file for STMicroelectronics.X-CUBE-TOUCHGFX.4.26.0
2026-01-29 11:31:08,557 [WARN] PackLoader:240 - Cannot read IP mode file for STMicroelectronics.FP-SNS-STAIOTCFT.1.0.0
2026-01-29 11:31:08,567 [WARN] PackLoader:240 - Cannot read IP mode file for STMicroelectronics.X-CUBE-DPower.1.3.0
2026-01-29 11:31:08,601 [WARN] ConditionMgr:438 - getConditionDescription Invalid condition id : LAN8742 Phy interface Condition cause : null
2026-01-29 11:31:08,602 [WARN] PackLoader:240 - Cannot read IP mode file for STMicroelectronics.X-CUBE-AZRTOS-L4.2.0.0
2026-01-29 11:31:08,605 [WARN] ConditionMgr:1044 - genDependencies : Invalid condition id : LAN8742 Phy interface Condition cause : null
2026-01-29 11:31:08,605 [WARN] ConditionMgr:1044 - genDependencies : Invalid condition id : LAN8742 Phy interface Condition cause : null
2026-01-29 11:31:08,606 [WARN] ConditionMgr:1044 - genDependencies : Invalid condition id : LAN8742 Phy interface Condition cause : null
2026-01-29 11:31:08,621 [WARN] PackLoader:240 - Cannot read IP mode file for STMicroelectronics.X-CUBE-SFXS2LP1.4.0.0
2026-01-29 11:31:08,637 [WARN] PackLoader:240 - Cannot read IP mode file for STMicroelectronics.X-CUBE-ST67W61.1.2.0
2026-01-29 11:31:08,679 [WARN] PackLoader:240 - Cannot read IP mode file for STMicroelectronics.X-CUBE-AZRTOS-H7.3.3.0
2026-01-29 11:31:08,707 [WARN] PackLoader:240 - Cannot read IP mode file for STMicroelectronics.X-CUBE-BLEMGR.4.1.0
2026-01-29 11:31:08,737 [WARN] PackLoader:240 - Cannot read IP mode file for STMicroelectronics.X-CUBE-IPS.3.0.0
2026-01-29 11:31:08,766 [WARN] ConditionMgr:438 - getConditionDescription Invalid condition id : UX DEVICE CLASS RTOS Condition cause : null
2026-01-29 11:31:08,767 [WARN] ConditionMgr:438 - getConditionDescription Invalid condition id : UX DEVICE CLASS RTOS Condition cause : null
2026-01-29 11:31:08,769 [WARN] PackLoader:240 - Cannot read IP mode file for STMicroelectronics.X-CUBE-AZRTOS-WB.2.0.0
2026-01-29 11:31:08,770 [WARN] ConditionMgr:1044 - genDependencies : Invalid condition id : UX DEVICE CLASS RTOS Condition cause : null
2026-01-29 11:31:08,771 [WARN] ConditionMgr:1044 - genDependencies : Invalid condition id : UX DEVICE CLASS RTOS Condition cause : null
2026-01-29 11:31:08,772 [WARN] ConditionMgr:1044 - genDependencies : Invalid condition id : UX DEVICE CLASS RTOS Condition cause : null
2026-01-29 11:31:08,772 [WARN] ConditionMgr:1044 - genDependencies : Invalid condition id : UX DEVICE CLASS RTOS Condition cause : null
2026-01-29 11:31:08,772 [WARN] ConditionMgr:1044 - genDependencies : Invalid condition id : UX DEVICE CLASS RTOS Condition cause : null
2026-01-29 11:31:08,783 [WARN] PackLoader:240 - Cannot read IP mode file for STMicroelectronics.X-CUBE-GNSS1.7.0.0
2026-01-29 11:31:08,794 [WARN] PackLoader:240 - Cannot read IP mode file for STMicroelectronics.X-CUBE-GNSS1.7.0.1
2026-01-29 11:31:08,800 [WARN] PackLoader:240 - Cannot read IP mode file for STMicroelectronics.X-CUBE-TOUCHGFX.4.25.0
2026-01-29 11:31:08,831 [WARN] PackLoader:240 - Cannot read IP mode file for STMicroelectronics.FP-SNS-STBOX1.2.0.0
2026-01-29 11:31:08,858 [WARN] PackLoader:240 - Cannot read IP mode file for STMicroelectronics.X-CUBE-STSE01.2.0.0
2026-01-29 11:31:08,887 [WARN] PackLoader:240 - Cannot read IP mode file for STMicroelectronics.X-CUBE-SUBG2.5.0.0
2026-01-29 11:31:08,947 [WARN] PackLoader:240 - Cannot read IP mode file for STMicroelectronics.X-CUBE-AZRTOS-H7RS.1.1.0
2026-01-29 11:31:08,979 [WARN] PackLoader:240 - Cannot read IP mode file for Cesanta.I-CUBE-Mongoose.7.13.0
2026-01-29 11:31:09,039 [WARN] PackLoader:240 - Cannot read IP mode file for STMicroelectronics.X-CUBE-AZRTOS-G4.2.0.0
2026-01-29 11:31:09,052 [WARN] PackLoader:240 - Cannot read IP mode file for STMicroelectronics.X-CUBE-NFC7.2.0.0
2026-01-29 11:31:09,065 [WARN] PackLoader:240 - Cannot read IP mode file for STMicroelectronics.X-CUBE-ISPU.2.0.0
2026-01-29 11:31:09,085 [WARN] PackLoader:240 - Cannot read IP mode file for STMicroelectronics.X-CUBE-IPS.3.1.0
2026-01-29 11:31:09,107 [WARN] PackLoader:240 - Cannot read IP mode file for STMicroelectronics.X-CUBE-ALS.1.0.2
2026-01-29 11:31:09,113 [WARN] PackLoader:240 - Cannot read IP mode file for STMicroelectronics.X-CUBE-TOUCHGFX.4.24.0
2026-01-29 11:31:09,118 [WARN] PackLoader:240 - Cannot read IP mode file for STMicroelectronics.X-CUBE-TOUCHGFX.4.24.2
2026-01-29 11:31:09,122 [WARN] PackLoader:240 - Cannot read IP mode file for STMicroelectronics.X-CUBE-TOUCHGFX.4.24.1
2026-01-29 11:31:09,138 [WARN] PackLoader:240 - Cannot read IP mode file for STMicroelectronics.X-CUBE-STSE01.1.0.0
2026-01-29 11:31:09,147 [WARN] PackLoader:240 - Cannot read IP mode file for wolfSSL.I-CUBE-wolfTPM.3.4.0
2026-01-29 11:31:09,157 [WARN] PackLoader:240 - Cannot read IP mode file for portGmbH.I-Cube-SoM-uGOAL.1.1.0
2026-01-29 11:31:09,193 [WARN] PackLoader:240 - Cannot read IP mode file for STMicroelectronics.X-CUBE-AZRTOS-H7RS.1.0.0
2026-01-29 11:31:09,203 [WARN] PackLoader:240 - Cannot read IP mode file for STMicroelectronics.FP-ATR-ASTRA1.2.0.0
2026-01-29 11:31:09,220 [WARN] PackLoader:240 - Cannot read IP mode file for STMicroelectronics.X-CUBE-TOF1.3.4.2
2026-01-29 11:31:09,262 [WARN] PackLoader:240 - Cannot read IP mode file for STMicroelectronics.X-CUBE-TOF1.3.4.3
2026-01-29 11:31:09,313 [WARN] PackLoader:240 - Cannot read IP mode file for Infineon.AIROC-Wi-Fi-Bluetooth-STM32.1.6.1
2026-01-29 11:31:09,326 [WARN] PackLoader:240 - Cannot read IP mode file for wolfSSL.I-CUBE-wolfSSH.1.4.17
2026-01-29 11:31:09,327 [INFO] ThirdParty:978 - Integrity check success = true
2026-01-29 11:31:09,328 [INFO] IntegrityCheckThread:100 - exiting critical section [integrity check]
2026-01-29 11:31:09,328 [INFO] IntegrityCheckThread:103 - End integrity checks thread
2026-01-29 11:40:36,857 [ERROR] LogOutputStream:75 - [STDERR_REDIRECT] 
2026-01-29 11:40:55,498 [INFO] Activator:176 - 


2026-01-29 11:40:55,500 [INFO] Activator:177 - !SESSION log4j initialized
2026-01-29 11:40:58,805 [INFO] LogOutputStream:77 - [STDOUT_REDIRECT] 
